<?xml version="1.0" encoding="UTF-8"?>
<!-- Generated by org.testng.reporters.JUnitReportReporter -->
<testsuite hostname="DESKTOP-EG1V1JT" failures="0" tests="1" name="tests.KoraFoodLogin" time="0.009" errors="0" timestamp="07 Apr 2021 06:26:54 GMT" skipped="0">
  <testcase classname="tests.KoraFoodLogin" name="test" time="0.009"/>
</testsuite> <!-- tests.KoraFoodLogin -->
