<?xml version="1.0" encoding="UTF-8"?>
<!-- Generated by org.testng.reporters.JUnitReportReporter -->
<testsuite hostname="DESKTOP-EG1V1JT" failures="0" tests="1" name="tests.BaseClass" time="78.367" errors="0" timestamp="06 Apr 2021 04:45:37 GMT" skipped="0">
  <testcase classname="tests.BaseClass" name="setup" time="78.367"/>
</testsuite> <!-- tests.BaseClass -->
